<?xml version="1.0" encoding="UTF-8"?>
<testsuite xmlns:xsi="http://www.w3.org/2001/XMLSchema-instance" xsi:noNamespaceSchemaLocation="https://maven.apache.org/surefire/maven-surefire-plugin/xsd/surefire-test-report-3.0.xsd" version="3.0" name="rx.ObservableTest" time="0.102" tests="10" errors="0" skipped="0" failures="0">
  <properties>
[...]
</properties>
  <testcase name="testFilterOperator" classname="rx.ObservableTest" time="0.038"/>
  <testcase name="testMapOperator" classname="rx.ObservableTest" time="0.003"/>
  <testcase name="testObserveOn" classname="rx.ObservableTest" time="0.012"/>
  <testcase name="testOperatorChain" classname="rx.ObservableTest" time="0.001"/>
  <testcase name="testFlatMapOperator" classname="rx.ObservableTest" time="0.004"/>
  <testcase name="testSubscribeOn" classname="rx.ObservableTest" time="0.003"/>
  <testcase name="testErrorHandling" classname="rx.ObservableTest" time="0.004"/>
  <testcase name="testEmptyObservable" classname="rx.ObservableTest" time="0.002"/>
  <testcase name="testBasicObservable" classname="rx.ObservableTest" time="0.001"/>
  <testcase name="testJustOperator" classname="rx.ObservableTest" time="0.001"/>
</testsuite>